==== Старт логирования ====
==== Старт логирования ====
[!] Polling запущен!
Получено по ключу маршрутизации "chain1": user=1
Отправлено на ключ маршрутизации "chain2": user=1
Получено по ключу маршрутизации "chain1": user=1
Отправлено на ключ маршрутизации "chain2": user=1
==== Старт логирования ====
==== Старт логирования ====
[!] Polling запущен!
==== Старт логирования ====
==== Старт логирования ====
[!] Polling запущен!
Получено по ключу маршрутизации "chain1": user=1
Отправлено на ключ маршрутизации "chain2": user=1
2023-12-15 00:04:14,620 [MainThread  ] [INFO ]  ==== Старт логирования ====
2023-12-15 00:04:14,623 [MainThread  ] [INFO ]  ==== Старт логирования ====
2023-12-15 00:04:14,639 [MainThread  ] [INFO ]  [!] Polling запущен!
2023-12-15 00:04:34,717 [MainThread  ] [INFO ]  Получено по ключу маршрутизации "chain1": user=1
2023-12-15 00:04:34,718 [MainThread  ] [INFO ]  Отправлено на ключ маршрутизации "chain2": user=1
2023-12-15 11:04:24,539 [MainThread  ] [INFO ]  ==== Старт логирования ====
2023-12-15 11:04:36,017 [MainThread  ] [INFO ]  ==== Старт логирования ====
2023-12-15 11:05:11,166 [MainThread  ] [INFO ]  ==== Старт логирования ====
2023-12-15 11:06:10,569 [MainThread  ] [INFO ]  ==== Старт логирования ====
2023-12-15 11:06:23,540 [MainThread  ] [INFO ]  ==== Старт логирования ====
2023-12-15 11:06:23,543 [MainThread  ] [INFO ]  ==== Старт логирования ====
2023-12-15 11:06:24,299 [MainThread  ] [INFO ]  ==== Старт логирования ====
2023-12-15 11:06:31,862 [MainThread  ] [INFO ]  ==== Старт логирования ====
2023-12-15 11:07:10,365 [MainThread  ] [INFO ]  ==== Старт логирования ====
2023-12-15 11:07:45,956 [MainThread  ] [INFO ]  ==== Старт логирования ====
2023-12-15 11:09:34,106 [MainThread  ] [INFO ]  ==== Старт логирования ====
2023-12-15 11:09:59,024 [MainThread  ] [INFO ]  ==== Старт логирования ====
2023-12-15 11:11:23,671 [MainThread  ] [INFO ]  ==== Старт логирования ====
2023-12-15 11:13:46,307 [MainThread  ] [INFO ]  ==== Старт логирования ====
2023-12-15 11:17:17,217 [MainThread  ] [INFO ]  ==== Старт логирования ====
2023-12-15 11:17:17,220 [MainThread  ] [INFO ]  ==== Старт логирования ====
2023-12-15 11:17:17,797 [MainThread  ] [INFO ]  ==== Старт логирования ====
2023-12-15 11:19:11,342 [MainThread  ] [INFO ]  ==== Старт логирования ====
2023-12-15 11:20:00,953 [MainThread  ] [INFO ]  ==== Старт логирования ====
2023-12-15 11:20:57,344 [MainThread  ] [INFO ]  ==== Старт логирования ====
2023-12-15 11:22:50,894 [MainThread  ] [INFO ]  ==== Старт логирования ====
2023-12-15 11:23:02,847 [MainThread  ] [INFO ]  ==== Старт логирования ====
2023-12-15 11:26:57,829 [MainThread  ] [INFO ]  ==== Старт логирования ====
2023-12-15 11:28:51,933 [MainThread  ] [INFO ]  ==== Старт логирования ====
2023-12-15 11:33:15,633 [MainThread  ] [INFO ]  ==== Старт логирования ====
2023-12-15 11:37:00,202 [MainThread  ] [INFO ]  ==== Старт логирования ====
2023-12-15 11:42:27,604 [MainThread  ] [INFO ]  ==== Старт логирования ====
2023-12-15 11:43:11,104 [MainThread  ] [INFO ]  ==== Старт логирования ====
2023-12-15 11:43:11,107 [MainThread  ] [INFO ]  ==== Старт логирования ====
2023-12-15 11:43:11,757 [MainThread  ] [INFO ]  ==== Старт логирования ====
2023-12-15 11:43:40,345 [MainThread  ] [INFO ]  ==== Старт логирования ====
2023-12-15 11:44:43,376 [MainThread  ] [INFO ]  ==== Старт логирования ====
2023-12-15 11:45:17,038 [MainThread  ] [INFO ]  ==== Старт логирования ====
2023-12-15 11:45:32,722 [MainThread  ] [INFO ]  ==== Старт логирования ====
2023-12-15 11:47:54,410 [MainThread  ] [INFO ]  ==== Старт логирования ====
2023-12-15 11:48:06,696 [MainThread  ] [INFO ]  ==== Старт логирования ====
2023-12-15 11:48:28,770 [MainThread  ] [INFO ]  ==== Старт логирования ====
2023-12-15 11:48:45,400 [MainThread  ] [INFO ]  ==== Старт логирования ====
2023-12-15 11:48:54,171 [MainThread  ] [INFO ]  ==== Старт логирования ====
2023-12-15 11:51:21,638 [MainThread  ] [INFO ]  ==== Старт логирования ====
2023-12-15 12:31:21,422 [MainThread  ] [INFO ]  ==== Старт логирования ====
2023-12-15 12:35:29,234 [MainThread  ] [INFO ]  ==== Старт логирования ====
2023-12-15 12:41:58,467 [MainThread  ] [INFO ]  ==== Старт логирования ====
2023-12-15 12:49:41,631 [MainThread  ] [INFO ]  ==== Старт логирования ====
2023-12-15 13:00:00,654 [MainThread  ] [INFO ]  ==== Старт логирования ====
2023-12-15 13:00:50,073 [MainThread  ] [INFO ]  ==== Старт логирования ====
2023-12-15 13:02:39,308 [MainThread  ] [INFO ]  ==== Старт логирования ====
2023-12-15 13:06:53,932 [MainThread  ] [INFO ]  ==== Старт логирования ====
2023-12-15 13:07:10,164 [MainThread  ] [INFO ]  ==== Старт логирования ====
2023-12-15 13:12:19,940 [MainThread  ] [INFO ]  ==== Старт логирования ====
2023-12-15 13:12:41,007 [MainThread  ] [INFO ]  ==== Старт логирования ====
2023-12-15 13:13:28,951 [MainThread  ] [INFO ]  ==== Старт логирования ====
2023-12-15 13:14:55,899 [MainThread  ] [INFO ]  ==== Старт логирования ====
2023-12-15 13:15:04,304 [MainThread  ] [INFO ]  ==== Старт логирования ====
2023-12-15 13:16:26,442 [MainThread  ] [INFO ]  ==== Старт логирования ====
2023-12-15 13:17:52,725 [MainThread  ] [INFO ]  ==== Старт логирования ====
2023-12-15 13:18:09,826 [MainThread  ] [INFO ]  ==== Старт логирования ====
2023-12-15 13:20:27,567 [MainThread  ] [INFO ]  ==== Старт логирования ====
2023-12-15 13:22:17,663 [MainThread  ] [INFO ]  ==== Старт логирования ====
2023-12-15 13:23:14,031 [MainThread  ] [INFO ]  ==== Старт логирования ====
2023-12-15 13:26:06,312 [MainThread  ] [INFO ]  ==== Старт логирования ====
2023-12-15 13:26:42,346 [MainThread  ] [INFO ]  ==== Старт логирования ====
2023-12-15 13:27:20,009 [MainThread  ] [INFO ]  ==== Старт логирования ====
2023-12-15 13:28:42,425 [MainThread  ] [INFO ]  ==== Старт логирования ====
2023-12-15 13:29:00,761 [MainThread  ] [INFO ]  ==== Старт логирования ====
2023-12-15 13:30:02,142 [MainThread  ] [INFO ]  ==== Старт логирования ====
2023-12-15 13:31:19,651 [MainThread  ] [INFO ]  ==== Старт логирования ====
2023-12-15 13:31:37,871 [MainThread  ] [INFO ]  ==== Старт логирования ====
2023-12-15 13:33:32,874 [MainThread  ] [INFO ]  ==== Старт логирования ====
2023-12-15 13:34:23,597 [MainThread  ] [INFO ]  ==== Старт логирования ====
2023-12-15 13:35:02,418 [MainThread  ] [INFO ]  ==== Старт логирования ====
2023-12-15 13:36:48,702 [MainThread  ] [INFO ]  ==== Старт логирования ====
2023-12-15 13:37:18,517 [MainThread  ] [INFO ]  ==== Старт логирования ====
2023-12-15 13:37:48,505 [MainThread  ] [INFO ]  ==== Старт логирования ====
2023-12-15 13:39:27,666 [MainThread  ] [INFO ]  ==== Старт логирования ====
2023-12-15 13:39:57,190 [MainThread  ] [INFO ]  ==== Старт логирования ====
2023-12-15 13:40:13,390 [MainThread  ] [INFO ]  ==== Старт логирования ====
2023-12-15 13:41:53,409 [MainThread  ] [INFO ]  ==== Старт логирования ====
2023-12-15 13:42:28,189 [MainThread  ] [INFO ]  ==== Старт логирования ====
2023-12-15 13:42:41,738 [MainThread  ] [INFO ]  ==== Старт логирования ====
2023-12-15 13:42:51,884 [MainThread  ] [INFO ]  ==== Старт логирования ====
2023-12-15 13:43:30,050 [MainThread  ] [INFO ]  ==== Старт логирования ====
2023-12-15 13:43:45,569 [MainThread  ] [INFO ]  ==== Старт логирования ====
2023-12-15 13:44:01,560 [MainThread  ] [INFO ]  ==== Старт логирования ====
